[debug] [2023-01-25T13:59:57.347Z] ----------------------------------------------------------------------
[debug] [2023-01-25T13:59:57.347Z] Command:       /usr/local/bin/node /usr/local/bin/firebase emulators:start --only functions
[debug] [2023-01-25T13:59:57.348Z] CLI Version:   11.21.0
[debug] [2023-01-25T13:59:57.348Z] Platform:      darwin
[debug] [2023-01-25T13:59:57.348Z] Node Version:  v16.17.0
[debug] [2023-01-25T13:59:57.348Z] Time:          Wed Jan 25 2023 13:59:57 GMT+0000 (Greenwich Mean Time)
[debug] [2023-01-25T13:59:57.349Z] ----------------------------------------------------------------------
[debug] 
[debug] [2023-01-25T13:59:57.389Z] > command requires scopes: ["email","openid","https://www.googleapis.com/auth/cloudplatformprojects.readonly","https://www.googleapis.com/auth/firebase","https://www.googleapis.com/auth/cloud-platform"]
[debug] [2023-01-25T13:59:57.390Z] > authorizing via signed-in user (victoriathorkels@gmail.com)
[info] i  emulators: Starting emulators: functions {"metadata":{"emulator":{"name":"hub"},"message":"Starting emulators: functions"}}
[debug] [2023-01-25T13:59:57.570Z] [logging] Logging Emulator only supports listening on one address (127.0.0.1). Not listening on ::1
[debug] [2023-01-25T13:59:57.570Z] assigned listening specs for emulators {"user":{"hub":[{"address":"127.0.0.1","family":"IPv4","port":4400},{"address":"::1","family":"IPv6","port":4400}],"ui":[{"address":"127.0.0.1","family":"IPv4","port":4000},{"address":"::1","family":"IPv6","port":4000}],"logging":[{"address":"127.0.0.1","family":"IPv4","port":4500}]},"metadata":{"message":"assigned listening specs for emulators"}}
[debug] [2023-01-25T13:59:57.574Z] [hub] writing locator at /var/folders/ss/fgj1whkn0vsf2ygl4c56fsfw0000gn/T/hub-chatroom-69853.json
[debug] [2023-01-25T13:59:57.688Z] [functions] Functions Emulator only supports listening on one address (127.0.0.1). Not listening on ::1
[debug] [2023-01-25T13:59:57.688Z] [eventarc] Eventarc Emulator only supports listening on one address (127.0.0.1). Not listening on ::1
[debug] [2023-01-25T13:59:57.688Z] late-assigned ports for functions and eventarc emulators {"user":{"hub":[{"address":"127.0.0.1","family":"IPv4","port":4400},{"address":"::1","family":"IPv6","port":4400}],"ui":[{"address":"127.0.0.1","family":"IPv4","port":4000},{"address":"::1","family":"IPv6","port":4000}],"logging":[{"address":"127.0.0.1","family":"IPv4","port":4500}],"functions":[{"address":"127.0.0.1","family":"IPv4","port":5001}],"eventarc":[{"address":"127.0.0.1","family":"IPv4","port":9299}]},"metadata":{"message":"late-assigned ports for functions and eventarc emulators"}}
[warn] ⚠  functions: The following emulators are not running, calls to these services from the Functions emulator will affect production: auth, firestore, database, hosting, pubsub, storage {"metadata":{"emulator":{"name":"functions"},"message":"The following emulators are not running, calls to these services from the Functions emulator will affect production: \u001b[1mauth, firestore, database, hosting, pubsub, storage\u001b[22m"}}
[info] ✔  functions: Using node@16 from host. {"metadata":{"emulator":{"name":"functions"},"message":"Using node@16 from host."}}
[debug] [2023-01-25T13:59:57.703Z] defaultcredentials: writing to file /Users/victoriathorkels/.config/firebase/victoriathorkels_gmail_com_application_default_credentials.json
[debug] [2023-01-25T13:59:57.709Z] Setting GAC to /Users/victoriathorkels/.config/firebase/victoriathorkels_gmail_com_application_default_credentials.json {"metadata":{"emulator":{"name":"functions"},"message":"Setting GAC to /Users/victoriathorkels/.config/firebase/victoriathorkels_gmail_com_application_default_credentials.json"}}
[debug] [2023-01-25T13:59:57.710Z] >>> [apiv2][query] GET https://firebase.googleapis.com/v1beta1/projects/chatroom-69853/adminSdkConfig [none]
[debug] [2023-01-25T13:59:58.181Z] <<< [apiv2][status] GET https://firebase.googleapis.com/v1beta1/projects/chatroom-69853/adminSdkConfig 200
[debug] [2023-01-25T13:59:58.182Z] <<< [apiv2][body] GET https://firebase.googleapis.com/v1beta1/projects/chatroom-69853/adminSdkConfig {"projectId":"chatroom-69853","databaseURL":"https://chatroom-69853-default-rtdb.europe-west1.firebasedatabase.app","storageBucket":"chatroom-69853.appspot.com","locationId":"europe-west"}
[info] i  ui: downloading ui-v1.11.2.zip... {"metadata":{"emulator":{"name":"ui"},"message":"downloading ui-v1.11.2.zip..."}}
[debug] [2023-01-25T13:59:58.209Z] >>> [apiv2][query] GET https://storage.googleapis.com/firebase-preview-drop/emulator/ui-v1.11.2.zip 
[debug] [2023-01-25T13:59:58.522Z] <<< [apiv2][status] GET https://storage.googleapis.com/firebase-preview-drop/emulator/ui-v1.11.2.zip 200
[debug] [2023-01-25T13:59:58.522Z] <<< [apiv2][body] GET https://storage.googleapis.com/firebase-preview-drop/emulator/ui-v1.11.2.zip [stream]
[debug] [2023-01-25T14:00:01.504Z] Ignoring unsupported arg: auto_download {"metadata":{"emulator":{"name":"ui"},"message":"Ignoring unsupported arg: auto_download"}}
[debug] [2023-01-25T14:00:01.504Z] Ignoring unsupported arg: port {"metadata":{"emulator":{"name":"ui"},"message":"Ignoring unsupported arg: port"}}
[debug] [2023-01-25T14:00:01.504Z] Starting Emulator UI with command {"binary":"node","args":["/Users/victoriathorkels/.cache/firebase/emulators/ui-v1.11.2/server/server.js"],"optionalArgs":[],"joinArgs":false} {"metadata":{"emulator":{"name":"ui"},"message":"Starting Emulator UI with command {\"binary\":\"node\",\"args\":[\"/Users/victoriathorkels/.cache/firebase/emulators/ui-v1.11.2/server/server.js\"],\"optionalArgs\":[],\"joinArgs\":false}"}}
[info] i  ui: Emulator UI logging to ui-debug.log {"metadata":{"emulator":{"name":"ui"},"message":"Emulator UI logging to \u001b[1mui-debug.log\u001b[22m"}}
[debug] [2023-01-25T14:00:01.624Z] Web / API server started at 127.0.0.1:4000
 {"metadata":{"emulator":{"name":"ui"},"message":"Web / API server started at 127.0.0.1:4000\n"}}
[debug] [2023-01-25T14:00:01.626Z] Web / API server started at ::1:4000
 {"metadata":{"emulator":{"name":"ui"},"message":"Web / API server started at ::1:4000\n"}}
[info] i  functions: Watching "/Users/victoriathorkels/Desktop/VOR2023/mod5groupproject/chatterbox/functions" for Cloud Functions... {"metadata":{"emulator":{"name":"functions"},"message":"Watching \"/Users/victoriathorkels/Desktop/VOR2023/mod5groupproject/chatterbox/functions\" for Cloud Functions..."}}
[debug] [2023-01-25T14:00:01.774Z] Validating nodejs source
[debug] [2023-01-25T14:00:02.131Z] > [functions] package.json contents: {
  "name": "functions",
  "description": "Cloud Functions for Firebase",
  "scripts": {
    "lint": "",
    "serve": "firebase emulators:start --only functions",
    "shell": "firebase functions:shell",
    "start": "npm run shell",
    "deploy": "firebase deploy --only functions",
    "logs": "firebase functions:log",
    "local": "firebase serve --only functions"
  },
  "engines": {
    "node": "16"
  },
  "main": "index.js",
  "dependencies": {
    "cors": "^2.8.5",
    "express": "^4.18.2",
    "firebase": "^9.16.0",
    "firebase-admin": "^10.3.0",
    "firebase-functions": "^4.2.0"
  },
  "devDependencies": {
    "firebase-functions-test": "^0.2.0"
  },
  "private": true
}
[debug] [2023-01-25T14:00:02.132Z] Building nodejs source
[debug] [2023-01-25T14:00:02.133Z] Could not find functions.yaml. Must use http discovery
[debug] [2023-01-25T14:00:02.241Z] Serving at port 9005

[debug] [2023-01-25T14:00:02.250Z] Got response from /__/functions.yaml Failed to generate manifest from function source: Error: Cannot find module 'firebase-admin/auth'
Require stack:
- /Users/victoriathorkels/Desktop/VOR2023/mod5groupproject/chatterbox/node_modules/firebase-functions/lib/common/providers/identity.js
- /Users/victoriathorkels/Desktop/VOR2023/mod5groupproject/chatterbox/node_modules/firebase-functions/lib/v1/providers/auth.js
- /Users/victoriathorkels/Desktop/VOR2023/mod5groupproject/chatterbox/node_modules/firebase-functions/lib/v1/index.js
- /Users/victoriathorkels/Desktop/VOR2023/mod5groupproject/chatterbox/functions/index.js
- /Users/victoriathorkels/Desktop/VOR2023/mod5groupproject/chatterbox/node_modules/firebase-functions/lib/runtime/loader.js
- /Users/victoriathorkels/Desktop/VOR2023/mod5groupproject/chatterbox/node_modules/firebase-functions/lib/bin/firebase-functions.js
[debug] [2023-01-25T14:00:02.252Z] Failed to parse functions.yamlincomplete explicit mapping pair; a key node is missed; or followed by a non-tabulated empty line at line 1, column 56:
     ... fest from function source: Error: Cannot find module 'firebase-a ... 
                                         ^ {"name":"YAMLException","reason":"incomplete explicit mapping pair; a key node is missed; or followed by a non-tabulated empty line","mark":{"name":null,"buffer":"Failed to generate manifest from function source: Error: Cannot find module 'firebase-admin/auth'\nRequire stack:\n- /Users/victoriathorkels/Desktop/VOR2023/mod5groupproject/chatterbox/node_modules/firebase-functions/lib/common/providers/identity.js\n- /Users/victoriathorkels/Desktop/VOR2023/mod5groupproject/chatterbox/node_modules/firebase-functions/lib/v1/providers/auth.js\n- /Users/victoriathorkels/Desktop/VOR2023/mod5groupproject/chatterbox/node_modules/firebase-functions/lib/v1/index.js\n- /Users/victoriathorkels/Desktop/VOR2023/mod5groupproject/chatterbox/functions/index.js\n- /Users/victoriathorkels/Desktop/VOR2023/mod5groupproject/chatterbox/node_modules/firebase-functions/lib/runtime/loader.js\n- /Users/victoriathorkels/Desktop/VOR2023/mod5groupproject/chatterbox/node_modules/firebase-functions/lib/bin/firebase-functions.js\n\u0000","position":55,"line":0,"column":55},"message":"incomplete explicit mapping pair; a key node is missed; or followed by a non-tabulated empty line at line 1, column 56:\n     ... fest from function source: Error: Cannot find module 'firebase-a ... \n                                         ^"}
[debug] [2023-01-25T14:00:02.254Z] shutdown requested via /__/quitquitquit

[error] ⬢  functions: Failed to load function definition from source: FirebaseError: Failed to load function definition from source: Failed to generate manifest from function source: Error: Cannot find module 'firebase-admin/auth'
Require stack:
- /Users/victoriathorkels/Desktop/VOR2023/mod5groupproject/chatterbox/node_modules/firebase-functions/lib/common/providers/identity.js
- /Users/victoriathorkels/Desktop/VOR2023/mod5groupproject/chatterbox/node_modules/firebase-functions/lib/v1/providers/auth.js
- /Users/victoriathorkels/Desktop/VOR2023/mod5groupproject/chatterbox/node_modules/firebase-functions/lib/v1/index.js
- /Users/victoriathorkels/Desktop/VOR2023/mod5groupproject/chatterbox/functions/index.js
- /Users/victoriathorkels/Desktop/VOR2023/mod5groupproject/chatterbox/node_modules/firebase-functions/lib/runtime/loader.js
- /Users/victoriathorkels/Desktop/VOR2023/mod5groupproject/chatterbox/node_modules/firebase-functions/lib/bin/firebase-functions.js {"metadata":{"emulator":{"name":"functions"},"message":"Failed to load function definition from source: FirebaseError: Failed to load function definition from source: Failed to generate manifest from function source: Error: Cannot find module 'firebase-admin/auth'\nRequire stack:\n- /Users/victoriathorkels/Desktop/VOR2023/mod5groupproject/chatterbox/node_modules/firebase-functions/lib/common/providers/identity.js\n- /Users/victoriathorkels/Desktop/VOR2023/mod5groupproject/chatterbox/node_modules/firebase-functions/lib/v1/providers/auth.js\n- /Users/victoriathorkels/Desktop/VOR2023/mod5groupproject/chatterbox/node_modules/firebase-functions/lib/v1/index.js\n- /Users/victoriathorkels/Desktop/VOR2023/mod5groupproject/chatterbox/functions/index.js\n- /Users/victoriathorkels/Desktop/VOR2023/mod5groupproject/chatterbox/node_modules/firebase-functions/lib/runtime/loader.js\n- /Users/victoriathorkels/Desktop/VOR2023/mod5groupproject/chatterbox/node_modules/firebase-functions/lib/bin/firebase-functions.js"}}
[info] 
┌─────────────────────────────────────────────────────────────┐
│ ✔  All emulators ready! It is now safe to connect your app. │
│ i  View Emulator UI at http://127.0.0.1:4000/               │
└─────────────────────────────────────────────────────────────┘

┌───────────┬────────────────┬─────────────────────────────────┐
│ Emulator  │ Host:Port      │ View in Emulator UI             │
├───────────┼────────────────┼─────────────────────────────────┤
│ Functions │ 127.0.0.1:5001 │ http://127.0.0.1:4000/functions │
└───────────┴────────────────┴─────────────────────────────────┘
  Emulator Hub running at 127.0.0.1:4400
  Other reserved ports: 4500

Issues? Report them at https://github.com/firebase/firebase-tools/issues and attach the *-debug.log files.
 
[debug] [2023-01-25T14:18:03.701Z] [work-queue] {"queuedWork":["/chatroom-69853/us-central1/app/-2023-01-25T14:18:03.701Z"],"queueLength":1,"runningWork":[],"workRunningCount":0}
[debug] [2023-01-25T14:18:03.702Z] [work-queue] {"queuedWork":[],"queueLength":0,"runningWork":["/chatroom-69853/us-central1/app/-2023-01-25T14:18:03.701Z"],"workRunningCount":1}
[debug] [2023-01-25T14:18:03.705Z] [work-queue] {"queuedWork":[],"queueLength":0,"runningWork":[],"workRunningCount":0}
[debug] [2023-01-25T14:18:03.706Z] [work-queue] {"queuedWork":["/chatroom-69853/us-central1/app/-2023-01-25T14:18:03.706Z"],"queueLength":1,"runningWork":[],"workRunningCount":0}
[debug] [2023-01-25T14:18:03.706Z] [work-queue] {"queuedWork":[],"queueLength":0,"runningWork":["/chatroom-69853/us-central1/app/-2023-01-25T14:18:03.706Z"],"workRunningCount":1}
[debug] [2023-01-25T14:18:03.706Z] [work-queue] {"queuedWork":[],"queueLength":0,"runningWork":[],"workRunningCount":0}
[debug] [2023-01-25T14:18:38.412Z] [work-queue] {"queuedWork":["/chatroom-69853/us-central1/app/-2023-01-25T14:18:38.412Z"],"queueLength":1,"runningWork":[],"workRunningCount":0}
[debug] [2023-01-25T14:18:38.412Z] [work-queue] {"queuedWork":[],"queueLength":0,"runningWork":["/chatroom-69853/us-central1/app/-2023-01-25T14:18:38.412Z"],"workRunningCount":1}
[debug] [2023-01-25T14:18:38.413Z] [work-queue] {"queuedWork":[],"queueLength":0,"runningWork":[],"workRunningCount":0}
[debug] [2023-01-25T14:18:38.414Z] [work-queue] {"queuedWork":["/chatroom-69853/us-central1/app/-2023-01-25T14:18:38.414Z"],"queueLength":1,"runningWork":[],"workRunningCount":0}
[debug] [2023-01-25T14:18:38.414Z] [work-queue] {"queuedWork":[],"queueLength":0,"runningWork":["/chatroom-69853/us-central1/app/-2023-01-25T14:18:38.414Z"],"workRunningCount":1}
[debug] [2023-01-25T14:18:38.414Z] [work-queue] {"queuedWork":[],"queueLength":0,"runningWork":[],"workRunningCount":0}
[debug] [2023-01-25T14:18:46.525Z] [work-queue] {"queuedWork":["/chatroom-69853/us-central1/app/-2023-01-25T14:18:46.525Z"],"queueLength":1,"runningWork":[],"workRunningCount":0}
[debug] [2023-01-25T14:18:46.525Z] [work-queue] {"queuedWork":[],"queueLength":0,"runningWork":["/chatroom-69853/us-central1/app/-2023-01-25T14:18:46.525Z"],"workRunningCount":1}
[debug] [2023-01-25T14:18:46.525Z] [work-queue] {"queuedWork":[],"queueLength":0,"runningWork":[],"workRunningCount":0}
[debug] [2023-01-25T14:18:46.526Z] [work-queue] {"queuedWork":["/chatroom-69853/us-central1/app/-2023-01-25T14:18:46.526Z"],"queueLength":1,"runningWork":[],"workRunningCount":0}
[debug] [2023-01-25T14:18:46.526Z] [work-queue] {"queuedWork":[],"queueLength":0,"runningWork":["/chatroom-69853/us-central1/app/-2023-01-25T14:18:46.526Z"],"workRunningCount":1}
[debug] [2023-01-25T14:18:46.526Z] [work-queue] {"queuedWork":[],"queueLength":0,"runningWork":[],"workRunningCount":0}
[debug] [2023-01-25T14:18:46.958Z] [work-queue] {"queuedWork":["/chatroom-69853/us-central1/app/-2023-01-25T14:18:46.958Z"],"queueLength":1,"runningWork":[],"workRunningCount":0}
[debug] [2023-01-25T14:18:46.959Z] [work-queue] {"queuedWork":[],"queueLength":0,"runningWork":["/chatroom-69853/us-central1/app/-2023-01-25T14:18:46.958Z"],"workRunningCount":1}
[debug] [2023-01-25T14:18:46.959Z] [work-queue] {"queuedWork":[],"queueLength":0,"runningWork":[],"workRunningCount":0}
[debug] [2023-01-25T14:18:46.960Z] [work-queue] {"queuedWork":["/chatroom-69853/us-central1/app/-2023-01-25T14:18:46.960Z"],"queueLength":1,"runningWork":[],"workRunningCount":0}
[debug] [2023-01-25T14:18:46.960Z] [work-queue] {"queuedWork":[],"queueLength":0,"runningWork":["/chatroom-69853/us-central1/app/-2023-01-25T14:18:46.960Z"],"workRunningCount":1}
[debug] [2023-01-25T14:18:46.960Z] [work-queue] {"queuedWork":[],"queueLength":0,"runningWork":[],"workRunningCount":0}
[debug] [2023-01-25T14:19:09.756Z] [work-queue] {"queuedWork":["/chatroom-69853/us-central1/app/-2023-01-25T14:19:09.756Z"],"queueLength":1,"runningWork":[],"workRunningCount":0}
[debug] [2023-01-25T14:19:09.757Z] [work-queue] {"queuedWork":[],"queueLength":0,"runningWork":["/chatroom-69853/us-central1/app/-2023-01-25T14:19:09.756Z"],"workRunningCount":1}
[debug] [2023-01-25T14:19:09.757Z] [work-queue] {"queuedWork":[],"queueLength":0,"runningWork":[],"workRunningCount":0}
[debug] [2023-01-25T14:19:09.758Z] [work-queue] {"queuedWork":["/chatroom-69853/us-central1/app/-2023-01-25T14:19:09.758Z"],"queueLength":1,"runningWork":[],"workRunningCount":0}
[debug] [2023-01-25T14:19:09.758Z] [work-queue] {"queuedWork":[],"queueLength":0,"runningWork":["/chatroom-69853/us-central1/app/-2023-01-25T14:19:09.758Z"],"workRunningCount":1}
[debug] [2023-01-25T14:19:09.758Z] [work-queue] {"queuedWork":[],"queueLength":0,"runningWork":[],"workRunningCount":0}
[debug] [2023-01-25T14:19:35.901Z] [work-queue] {"queuedWork":["/chatroom-69853/us-central1/app/-2023-01-25T14:19:35.901Z"],"queueLength":1,"runningWork":[],"workRunningCount":0}
[debug] [2023-01-25T14:19:35.901Z] [work-queue] {"queuedWork":[],"queueLength":0,"runningWork":["/chatroom-69853/us-central1/app/-2023-01-25T14:19:35.901Z"],"workRunningCount":1}
[debug] [2023-01-25T14:19:35.902Z] [work-queue] {"queuedWork":[],"queueLength":0,"runningWork":[],"workRunningCount":0}
[debug] [2023-01-25T14:19:35.903Z] [work-queue] {"queuedWork":["/chatroom-69853/us-central1/app/-2023-01-25T14:19:35.903Z"],"queueLength":1,"runningWork":[],"workRunningCount":0}
[debug] [2023-01-25T14:19:35.903Z] [work-queue] {"queuedWork":[],"queueLength":0,"runningWork":["/chatroom-69853/us-central1/app/-2023-01-25T14:19:35.903Z"],"workRunningCount":1}
[debug] [2023-01-25T14:19:35.904Z] [work-queue] {"queuedWork":[],"queueLength":0,"runningWork":[],"workRunningCount":0}
[debug] [2023-01-25T14:19:38.110Z] [work-queue] {"queuedWork":["/chatroom-69853/us-central1/app/-2023-01-25T14:19:38.110Z"],"queueLength":1,"runningWork":[],"workRunningCount":0}
[debug] [2023-01-25T14:19:38.111Z] [work-queue] {"queuedWork":[],"queueLength":0,"runningWork":["/chatroom-69853/us-central1/app/-2023-01-25T14:19:38.110Z"],"workRunningCount":1}
[debug] [2023-01-25T14:19:38.111Z] [work-queue] {"queuedWork":[],"queueLength":0,"runningWork":[],"workRunningCount":0}
[debug] [2023-01-25T14:19:38.112Z] [work-queue] {"queuedWork":["/chatroom-69853/us-central1/app/-2023-01-25T14:19:38.112Z"],"queueLength":1,"runningWork":[],"workRunningCount":0}
[debug] [2023-01-25T14:19:38.112Z] [work-queue] {"queuedWork":[],"queueLength":0,"runningWork":["/chatroom-69853/us-central1/app/-2023-01-25T14:19:38.112Z"],"workRunningCount":1}
[debug] [2023-01-25T14:19:38.115Z] [work-queue] {"queuedWork":[],"queueLength":0,"runningWork":[],"workRunningCount":0}
[debug] [2023-01-25T14:21:50.186Z] [work-queue] {"queuedWork":["/chatroom-69853/us-central1/app/-2023-01-25T14:21:50.186Z"],"queueLength":1,"runningWork":[],"workRunningCount":0}
[debug] [2023-01-25T14:21:50.187Z] [work-queue] {"queuedWork":[],"queueLength":0,"runningWork":["/chatroom-69853/us-central1/app/-2023-01-25T14:21:50.186Z"],"workRunningCount":1}
[debug] [2023-01-25T14:21:50.187Z] [work-queue] {"queuedWork":[],"queueLength":0,"runningWork":[],"workRunningCount":0}
[debug] [2023-01-25T14:21:50.188Z] [work-queue] {"queuedWork":["/chatroom-69853/us-central1/app/-2023-01-25T14:21:50.188Z"],"queueLength":1,"runningWork":[],"workRunningCount":0}
[debug] [2023-01-25T14:21:50.188Z] [work-queue] {"queuedWork":[],"queueLength":0,"runningWork":["/chatroom-69853/us-central1/app/-2023-01-25T14:21:50.188Z"],"workRunningCount":1}
[debug] [2023-01-25T14:21:50.189Z] [work-queue] {"queuedWork":[],"queueLength":0,"runningWork":[],"workRunningCount":0}
[debug] [2023-01-25T14:22:47.115Z] [work-queue] {"queuedWork":["/chatroom-69853/us-central1/app/-2023-01-25T14:22:47.115Z"],"queueLength":1,"runningWork":[],"workRunningCount":0}
[debug] [2023-01-25T14:22:47.115Z] [work-queue] {"queuedWork":[],"queueLength":0,"runningWork":["/chatroom-69853/us-central1/app/-2023-01-25T14:22:47.115Z"],"workRunningCount":1}
[debug] [2023-01-25T14:22:47.116Z] [work-queue] {"queuedWork":[],"queueLength":0,"runningWork":[],"workRunningCount":0}
[debug] [2023-01-25T14:22:47.117Z] [work-queue] {"queuedWork":["/chatroom-69853/us-central1/app/-2023-01-25T14:22:47.117Z"],"queueLength":1,"runningWork":[],"workRunningCount":0}
[debug] [2023-01-25T14:22:47.117Z] [work-queue] {"queuedWork":[],"queueLength":0,"runningWork":["/chatroom-69853/us-central1/app/-2023-01-25T14:22:47.117Z"],"workRunningCount":1}
[debug] [2023-01-25T14:22:47.117Z] [work-queue] {"queuedWork":[],"queueLength":0,"runningWork":[],"workRunningCount":0}
[debug] [2023-01-25T14:22:48.095Z] [work-queue] {"queuedWork":["/chatroom-69853/us-central1/app/-2023-01-25T14:22:48.095Z"],"queueLength":1,"runningWork":[],"workRunningCount":0}
[debug] [2023-01-25T14:22:48.095Z] [work-queue] {"queuedWork":[],"queueLength":0,"runningWork":["/chatroom-69853/us-central1/app/-2023-01-25T14:22:48.095Z"],"workRunningCount":1}
[debug] [2023-01-25T14:22:48.096Z] [work-queue] {"queuedWork":[],"queueLength":0,"runningWork":[],"workRunningCount":0}
[debug] [2023-01-25T14:22:48.096Z] [work-queue] {"queuedWork":["/chatroom-69853/us-central1/app/-2023-01-25T14:22:48.096Z"],"queueLength":1,"runningWork":[],"workRunningCount":0}
[debug] [2023-01-25T14:22:48.096Z] [work-queue] {"queuedWork":[],"queueLength":0,"runningWork":["/chatroom-69853/us-central1/app/-2023-01-25T14:22:48.096Z"],"workRunningCount":1}
[debug] [2023-01-25T14:22:48.097Z] [work-queue] {"queuedWork":[],"queueLength":0,"runningWork":[],"workRunningCount":0}
[debug] [2023-01-25T14:22:49.397Z] [work-queue] {"queuedWork":["/chatroom-69853/us-central1/app/-2023-01-25T14:22:49.397Z"],"queueLength":1,"runningWork":[],"workRunningCount":0}
[debug] [2023-01-25T14:22:49.397Z] [work-queue] {"queuedWork":[],"queueLength":0,"runningWork":["/chatroom-69853/us-central1/app/-2023-01-25T14:22:49.397Z"],"workRunningCount":1}
[debug] [2023-01-25T14:22:49.397Z] [work-queue] {"queuedWork":[],"queueLength":0,"runningWork":[],"workRunningCount":0}
[debug] [2023-01-25T14:22:49.398Z] [work-queue] {"queuedWork":["/chatroom-69853/us-central1/app/-2023-01-25T14:22:49.398Z"],"queueLength":1,"runningWork":[],"workRunningCount":0}
[debug] [2023-01-25T14:22:49.398Z] [work-queue] {"queuedWork":[],"queueLength":0,"runningWork":["/chatroom-69853/us-central1/app/-2023-01-25T14:22:49.398Z"],"workRunningCount":1}
[debug] [2023-01-25T14:22:49.399Z] [work-queue] {"queuedWork":[],"queueLength":0,"runningWork":[],"workRunningCount":0}
[debug] [2023-01-25T14:22:50.643Z] [work-queue] {"queuedWork":["/chatroom-69853/us-central1/app/-2023-01-25T14:22:50.643Z"],"queueLength":1,"runningWork":[],"workRunningCount":0}
[debug] [2023-01-25T14:22:50.643Z] [work-queue] {"queuedWork":[],"queueLength":0,"runningWork":["/chatroom-69853/us-central1/app/-2023-01-25T14:22:50.643Z"],"workRunningCount":1}
[debug] [2023-01-25T14:22:50.644Z] [work-queue] {"queuedWork":[],"queueLength":0,"runningWork":[],"workRunningCount":0}
[debug] [2023-01-25T14:22:50.644Z] [work-queue] {"queuedWork":["/chatroom-69853/us-central1/app/-2023-01-25T14:22:50.644Z"],"queueLength":1,"runningWork":[],"workRunningCount":0}
[debug] [2023-01-25T14:22:50.644Z] [work-queue] {"queuedWork":[],"queueLength":0,"runningWork":["/chatroom-69853/us-central1/app/-2023-01-25T14:22:50.644Z"],"workRunningCount":1}
[debug] [2023-01-25T14:22:50.645Z] [work-queue] {"queuedWork":[],"queueLength":0,"runningWork":[],"workRunningCount":0}
[debug] [2023-01-25T14:23:03.263Z] [work-queue] {"queuedWork":["/chatroom-69853/us-central1/app/-2023-01-25T14:23:03.263Z"],"queueLength":1,"runningWork":[],"workRunningCount":0}
[debug] [2023-01-25T14:23:03.264Z] [work-queue] {"queuedWork":[],"queueLength":0,"runningWork":["/chatroom-69853/us-central1/app/-2023-01-25T14:23:03.263Z"],"workRunningCount":1}
[debug] [2023-01-25T14:23:03.265Z] [work-queue] {"queuedWork":[],"queueLength":0,"runningWork":[],"workRunningCount":0}
[debug] [2023-01-25T14:23:03.265Z] [work-queue] {"queuedWork":["/chatroom-69853/us-central1/app/-2023-01-25T14:23:03.265Z"],"queueLength":1,"runningWork":[],"workRunningCount":0}
[debug] [2023-01-25T14:23:03.265Z] [work-queue] {"queuedWork":[],"queueLength":0,"runningWork":["/chatroom-69853/us-central1/app/-2023-01-25T14:23:03.265Z"],"workRunningCount":1}
[debug] [2023-01-25T14:23:03.265Z] [work-queue] {"queuedWork":[],"queueLength":0,"runningWork":[],"workRunningCount":0}
[debug] [2023-01-25T14:23:03.627Z] [work-queue] {"queuedWork":["/chatroom-69853/us-central1/app/-2023-01-25T14:23:03.627Z"],"queueLength":1,"runningWork":[],"workRunningCount":0}
[debug] [2023-01-25T14:23:03.627Z] [work-queue] {"queuedWork":[],"queueLength":0,"runningWork":["/chatroom-69853/us-central1/app/-2023-01-25T14:23:03.627Z"],"workRunningCount":1}
[debug] [2023-01-25T14:23:03.627Z] [work-queue] {"queuedWork":[],"queueLength":0,"runningWork":[],"workRunningCount":0}
[debug] [2023-01-25T14:23:03.628Z] [work-queue] {"queuedWork":["/chatroom-69853/us-central1/app/-2023-01-25T14:23:03.628Z"],"queueLength":1,"runningWork":[],"workRunningCount":0}
[debug] [2023-01-25T14:23:03.628Z] [work-queue] {"queuedWork":[],"queueLength":0,"runningWork":["/chatroom-69853/us-central1/app/-2023-01-25T14:23:03.628Z"],"workRunningCount":1}
[debug] [2023-01-25T14:23:03.628Z] [work-queue] {"queuedWork":[],"queueLength":0,"runningWork":[],"workRunningCount":0}
[debug] [2023-01-25T14:23:52.739Z] [work-queue] {"queuedWork":["/chatroom-69853/us-central1/app/-2023-01-25T14:23:52.739Z"],"queueLength":1,"runningWork":[],"workRunningCount":0}
[debug] [2023-01-25T14:23:52.739Z] [work-queue] {"queuedWork":[],"queueLength":0,"runningWork":["/chatroom-69853/us-central1/app/-2023-01-25T14:23:52.739Z"],"workRunningCount":1}
[debug] [2023-01-25T14:23:52.739Z] [work-queue] {"queuedWork":[],"queueLength":0,"runningWork":[],"workRunningCount":0}
[debug] [2023-01-25T14:23:52.740Z] [work-queue] {"queuedWork":["/chatroom-69853/us-central1/app/-2023-01-25T14:23:52.740Z"],"queueLength":1,"runningWork":[],"workRunningCount":0}
[debug] [2023-01-25T14:23:52.742Z] [work-queue] {"queuedWork":[],"queueLength":0,"runningWork":["/chatroom-69853/us-central1/app/-2023-01-25T14:23:52.740Z"],"workRunningCount":1}
[debug] [2023-01-25T14:23:52.743Z] [work-queue] {"queuedWork":[],"queueLength":0,"runningWork":[],"workRunningCount":0}
[debug] [2023-01-25T14:23:53.741Z] [work-queue] {"queuedWork":["/chatroom-69853/us-central1/app/-2023-01-25T14:23:53.741Z"],"queueLength":1,"runningWork":[],"workRunningCount":0}
[debug] [2023-01-25T14:23:53.741Z] [work-queue] {"queuedWork":[],"queueLength":0,"runningWork":["/chatroom-69853/us-central1/app/-2023-01-25T14:23:53.741Z"],"workRunningCount":1}
[debug] [2023-01-25T14:23:53.741Z] [work-queue] {"queuedWork":[],"queueLength":0,"runningWork":[],"workRunningCount":0}
[debug] [2023-01-25T14:23:53.742Z] [work-queue] {"queuedWork":["/chatroom-69853/us-central1/app/-2023-01-25T14:23:53.742Z"],"queueLength":1,"runningWork":[],"workRunningCount":0}
[debug] [2023-01-25T14:23:53.742Z] [work-queue] {"queuedWork":[],"queueLength":0,"runningWork":["/chatroom-69853/us-central1/app/-2023-01-25T14:23:53.742Z"],"workRunningCount":1}
[debug] [2023-01-25T14:23:53.743Z] [work-queue] {"queuedWork":[],"queueLength":0,"runningWork":[],"workRunningCount":0}
[debug] [2023-01-25T14:23:55.127Z] [work-queue] {"queuedWork":["/chatroom-69853/us-central1/app/-2023-01-25T14:23:55.127Z"],"queueLength":1,"runningWork":[],"workRunningCount":0}
[debug] [2023-01-25T14:23:55.127Z] [work-queue] {"queuedWork":[],"queueLength":0,"runningWork":["/chatroom-69853/us-central1/app/-2023-01-25T14:23:55.127Z"],"workRunningCount":1}
[debug] [2023-01-25T14:23:55.128Z] [work-queue] {"queuedWork":[],"queueLength":0,"runningWork":[],"workRunningCount":0}
[debug] [2023-01-25T14:23:55.128Z] [work-queue] {"queuedWork":["/chatroom-69853/us-central1/app/-2023-01-25T14:23:55.128Z"],"queueLength":1,"runningWork":[],"workRunningCount":0}
[debug] [2023-01-25T14:23:55.129Z] [work-queue] {"queuedWork":[],"queueLength":0,"runningWork":["/chatroom-69853/us-central1/app/-2023-01-25T14:23:55.128Z"],"workRunningCount":1}
[debug] [2023-01-25T14:23:55.129Z] [work-queue] {"queuedWork":[],"queueLength":0,"runningWork":[],"workRunningCount":0}
[debug] [2023-01-25T14:24:03.780Z] [work-queue] {"queuedWork":["/chatroom-69853/us-central1/app/-2023-01-25T14:24:03.780Z"],"queueLength":1,"runningWork":[],"workRunningCount":0}
[debug] [2023-01-25T14:24:03.780Z] [work-queue] {"queuedWork":[],"queueLength":0,"runningWork":["/chatroom-69853/us-central1/app/-2023-01-25T14:24:03.780Z"],"workRunningCount":1}
[debug] [2023-01-25T14:24:03.781Z] [work-queue] {"queuedWork":[],"queueLength":0,"runningWork":[],"workRunningCount":0}
[debug] [2023-01-25T14:24:03.781Z] [work-queue] {"queuedWork":["/chatroom-69853/us-central1/app/-2023-01-25T14:24:03.781Z"],"queueLength":1,"runningWork":[],"workRunningCount":0}
[debug] [2023-01-25T14:24:03.781Z] [work-queue] {"queuedWork":[],"queueLength":0,"runningWork":["/chatroom-69853/us-central1/app/-2023-01-25T14:24:03.781Z"],"workRunningCount":1}
[debug] [2023-01-25T14:24:03.782Z] [work-queue] {"queuedWork":[],"queueLength":0,"runningWork":[],"workRunningCount":0}
[debug] [2023-01-25T14:25:14.401Z] [work-queue] {"queuedWork":["/chatroom-69853/us-central1/app/-2023-01-25T14:25:14.401Z"],"queueLength":1,"runningWork":[],"workRunningCount":0}
[debug] [2023-01-25T14:25:14.402Z] [work-queue] {"queuedWork":[],"queueLength":0,"runningWork":["/chatroom-69853/us-central1/app/-2023-01-25T14:25:14.401Z"],"workRunningCount":1}
[debug] [2023-01-25T14:25:14.403Z] [work-queue] {"queuedWork":[],"queueLength":0,"runningWork":[],"workRunningCount":0}
[debug] [2023-01-25T14:25:14.404Z] [work-queue] {"queuedWork":["/chatroom-69853/us-central1/app/-2023-01-25T14:25:14.404Z"],"queueLength":1,"runningWork":[],"workRunningCount":0}
[debug] [2023-01-25T14:25:14.404Z] [work-queue] {"queuedWork":[],"queueLength":0,"runningWork":["/chatroom-69853/us-central1/app/-2023-01-25T14:25:14.404Z"],"workRunningCount":1}
[debug] [2023-01-25T14:25:14.404Z] [work-queue] {"queuedWork":[],"queueLength":0,"runningWork":[],"workRunningCount":0}
[debug] [2023-01-25T14:25:15.454Z] [work-queue] {"queuedWork":["/chatroom-69853/us-central1/app/-2023-01-25T14:25:15.454Z"],"queueLength":1,"runningWork":[],"workRunningCount":0}
[debug] [2023-01-25T14:25:15.454Z] [work-queue] {"queuedWork":[],"queueLength":0,"runningWork":["/chatroom-69853/us-central1/app/-2023-01-25T14:25:15.454Z"],"workRunningCount":1}
[debug] [2023-01-25T14:25:15.454Z] [work-queue] {"queuedWork":[],"queueLength":0,"runningWork":[],"workRunningCount":0}
[debug] [2023-01-25T14:25:15.456Z] [work-queue] {"queuedWork":["/chatroom-69853/us-central1/app/-2023-01-25T14:25:15.456Z"],"queueLength":1,"runningWork":[],"workRunningCount":0}
[debug] [2023-01-25T14:25:15.456Z] [work-queue] {"queuedWork":[],"queueLength":0,"runningWork":["/chatroom-69853/us-central1/app/-2023-01-25T14:25:15.456Z"],"workRunningCount":1}
[debug] [2023-01-25T14:25:15.456Z] [work-queue] {"queuedWork":[],"queueLength":0,"runningWork":[],"workRunningCount":0}
[debug] [2023-01-25T14:25:16.825Z] [work-queue] {"queuedWork":["/chatroom-69853/us-central1/app/-2023-01-25T14:25:16.825Z"],"queueLength":1,"runningWork":[],"workRunningCount":0}
[debug] [2023-01-25T14:25:16.825Z] [work-queue] {"queuedWork":[],"queueLength":0,"runningWork":["/chatroom-69853/us-central1/app/-2023-01-25T14:25:16.825Z"],"workRunningCount":1}
[debug] [2023-01-25T14:25:16.825Z] [work-queue] {"queuedWork":[],"queueLength":0,"runningWork":[],"workRunningCount":0}
[debug] [2023-01-25T14:25:16.827Z] [work-queue] {"queuedWork":["/chatroom-69853/us-central1/app/-2023-01-25T14:25:16.827Z"],"queueLength":1,"runningWork":[],"workRunningCount":0}
[debug] [2023-01-25T14:25:16.828Z] [work-queue] {"queuedWork":[],"queueLength":0,"runningWork":["/chatroom-69853/us-central1/app/-2023-01-25T14:25:16.827Z"],"workRunningCount":1}
[debug] [2023-01-25T14:25:16.829Z] [work-queue] {"queuedWork":[],"queueLength":0,"runningWork":[],"workRunningCount":0}
[debug] [2023-01-25T14:25:18.270Z] [work-queue] {"queuedWork":["/chatroom-69853/us-central1/app/-2023-01-25T14:25:18.270Z"],"queueLength":1,"runningWork":[],"workRunningCount":0}
[debug] [2023-01-25T14:25:18.270Z] [work-queue] {"queuedWork":[],"queueLength":0,"runningWork":["/chatroom-69853/us-central1/app/-2023-01-25T14:25:18.270Z"],"workRunningCount":1}
[debug] [2023-01-25T14:25:18.270Z] [work-queue] {"queuedWork":[],"queueLength":0,"runningWork":[],"workRunningCount":0}
[debug] [2023-01-25T14:25:18.272Z] [work-queue] {"queuedWork":["/chatroom-69853/us-central1/app/-2023-01-25T14:25:18.272Z"],"queueLength":1,"runningWork":[],"workRunningCount":0}
[debug] [2023-01-25T14:25:18.272Z] [work-queue] {"queuedWork":[],"queueLength":0,"runningWork":["/chatroom-69853/us-central1/app/-2023-01-25T14:25:18.272Z"],"workRunningCount":1}
[debug] [2023-01-25T14:25:18.273Z] [work-queue] {"queuedWork":[],"queueLength":0,"runningWork":[],"workRunningCount":0}
[debug] [2023-01-25T14:25:42.267Z] [work-queue] {"queuedWork":["/chatroom-69853/us-central1/app/-2023-01-25T14:25:42.267Z"],"queueLength":1,"runningWork":[],"workRunningCount":0}
[debug] [2023-01-25T14:25:42.268Z] [work-queue] {"queuedWork":[],"queueLength":0,"runningWork":["/chatroom-69853/us-central1/app/-2023-01-25T14:25:42.267Z"],"workRunningCount":1}
[debug] [2023-01-25T14:25:42.268Z] [work-queue] {"queuedWork":[],"queueLength":0,"runningWork":[],"workRunningCount":0}
[debug] [2023-01-25T14:25:42.269Z] [work-queue] {"queuedWork":["/chatroom-69853/us-central1/app/-2023-01-25T14:25:42.269Z"],"queueLength":1,"runningWork":[],"workRunningCount":0}
[debug] [2023-01-25T14:25:42.269Z] [work-queue] {"queuedWork":[],"queueLength":0,"runningWork":["/chatroom-69853/us-central1/app/-2023-01-25T14:25:42.269Z"],"workRunningCount":1}
[debug] [2023-01-25T14:25:42.270Z] [work-queue] {"queuedWork":[],"queueLength":0,"runningWork":[],"workRunningCount":0}
[debug] [2023-01-25T14:25:46.219Z] [work-queue] {"queuedWork":["/chatroom-69853/us-central1/app/-2023-01-25T14:25:46.219Z"],"queueLength":1,"runningWork":[],"workRunningCount":0}
[debug] [2023-01-25T14:25:46.219Z] [work-queue] {"queuedWork":[],"queueLength":0,"runningWork":["/chatroom-69853/us-central1/app/-2023-01-25T14:25:46.219Z"],"workRunningCount":1}
[debug] [2023-01-25T14:25:46.220Z] [work-queue] {"queuedWork":[],"queueLength":0,"runningWork":[],"workRunningCount":0}
[debug] [2023-01-25T14:25:46.221Z] [work-queue] {"queuedWork":["/chatroom-69853/us-central1/app/-2023-01-25T14:25:46.221Z"],"queueLength":1,"runningWork":[],"workRunningCount":0}
[debug] [2023-01-25T14:25:46.221Z] [work-queue] {"queuedWork":[],"queueLength":0,"runningWork":["/chatroom-69853/us-central1/app/-2023-01-25T14:25:46.221Z"],"workRunningCount":1}
[debug] [2023-01-25T14:25:46.221Z] [work-queue] {"queuedWork":[],"queueLength":0,"runningWork":[],"workRunningCount":0}
[debug] [2023-01-25T14:25:47.062Z] [work-queue] {"queuedWork":["/chatroom-69853/us-central1/app/-2023-01-25T14:25:47.062Z"],"queueLength":1,"runningWork":[],"workRunningCount":0}
[debug] [2023-01-25T14:25:47.062Z] [work-queue] {"queuedWork":[],"queueLength":0,"runningWork":["/chatroom-69853/us-central1/app/-2023-01-25T14:25:47.062Z"],"workRunningCount":1}
[debug] [2023-01-25T14:25:47.063Z] [work-queue] {"queuedWork":[],"queueLength":0,"runningWork":[],"workRunningCount":0}
[debug] [2023-01-25T14:25:47.063Z] [work-queue] {"queuedWork":["/chatroom-69853/us-central1/app/-2023-01-25T14:25:47.063Z"],"queueLength":1,"runningWork":[],"workRunningCount":0}
[debug] [2023-01-25T14:25:47.064Z] [work-queue] {"queuedWork":[],"queueLength":0,"runningWork":["/chatroom-69853/us-central1/app/-2023-01-25T14:25:47.063Z"],"workRunningCount":1}
[debug] [2023-01-25T14:25:47.064Z] [work-queue] {"queuedWork":[],"queueLength":0,"runningWork":[],"workRunningCount":0}
[debug] [2023-01-25T15:12:30.107Z] [work-queue] {"queuedWork":["/chatroom-69853/us-central1/app/-2023-01-25T15:12:30.106Z"],"queueLength":1,"runningWork":[],"workRunningCount":0}
[debug] [2023-01-25T15:12:30.108Z] [work-queue] {"queuedWork":[],"queueLength":0,"runningWork":["/chatroom-69853/us-central1/app/-2023-01-25T15:12:30.106Z"],"workRunningCount":1}
[debug] [2023-01-25T15:12:30.110Z] [work-queue] {"queuedWork":[],"queueLength":0,"runningWork":[],"workRunningCount":0}
[debug] [2023-01-25T15:12:30.111Z] [work-queue] {"queuedWork":["/chatroom-69853/us-central1/app/-2023-01-25T15:12:30.110Z"],"queueLength":1,"runningWork":[],"workRunningCount":0}
[debug] [2023-01-25T15:12:30.111Z] [work-queue] {"queuedWork":[],"queueLength":0,"runningWork":["/chatroom-69853/us-central1/app/-2023-01-25T15:12:30.110Z"],"workRunningCount":1}
[debug] [2023-01-25T15:12:30.111Z] [work-queue] {"queuedWork":[],"queueLength":0,"runningWork":[],"workRunningCount":0}
[debug] [2023-01-25T15:12:33.385Z] [work-queue] {"queuedWork":["/chatroom-69853/us-central1/app/-2023-01-25T15:12:33.385Z"],"queueLength":1,"runningWork":[],"workRunningCount":0}
[debug] [2023-01-25T15:12:33.385Z] [work-queue] {"queuedWork":[],"queueLength":0,"runningWork":["/chatroom-69853/us-central1/app/-2023-01-25T15:12:33.385Z"],"workRunningCount":1}
[debug] [2023-01-25T15:12:33.385Z] [work-queue] {"queuedWork":[],"queueLength":0,"runningWork":[],"workRunningCount":0}
[debug] [2023-01-25T15:12:33.386Z] [work-queue] {"queuedWork":["/chatroom-69853/us-central1/app/-2023-01-25T15:12:33.386Z"],"queueLength":1,"runningWork":[],"workRunningCount":0}
[debug] [2023-01-25T15:12:33.387Z] [work-queue] {"queuedWork":[],"queueLength":0,"runningWork":["/chatroom-69853/us-central1/app/-2023-01-25T15:12:33.386Z"],"workRunningCount":1}
[debug] [2023-01-25T15:12:33.387Z] [work-queue] {"queuedWork":[],"queueLength":0,"runningWork":[],"workRunningCount":0}
[debug] [2023-01-25T15:14:03.140Z] [work-queue] {"queuedWork":["/chatroom-69853/us-central1/app/-2023-01-25T15:14:03.140Z"],"queueLength":1,"runningWork":[],"workRunningCount":0}
[debug] [2023-01-25T15:14:03.141Z] [work-queue] {"queuedWork":[],"queueLength":0,"runningWork":["/chatroom-69853/us-central1/app/-2023-01-25T15:14:03.140Z"],"workRunningCount":1}
[debug] [2023-01-25T15:14:03.142Z] [work-queue] {"queuedWork":[],"queueLength":0,"runningWork":[],"workRunningCount":0}
[debug] [2023-01-25T15:14:03.143Z] [work-queue] {"queuedWork":["/chatroom-69853/us-central1/app/-2023-01-25T15:14:03.143Z"],"queueLength":1,"runningWork":[],"workRunningCount":0}
[debug] [2023-01-25T15:14:03.143Z] [work-queue] {"queuedWork":[],"queueLength":0,"runningWork":["/chatroom-69853/us-central1/app/-2023-01-25T15:14:03.143Z"],"workRunningCount":1}
[debug] [2023-01-25T15:14:03.143Z] [work-queue] {"queuedWork":[],"queueLength":0,"runningWork":[],"workRunningCount":0}
[debug] [2023-01-25T15:14:07.197Z] [work-queue] {"queuedWork":["/chatroom-69853/us-central1/app/-2023-01-25T15:14:07.197Z"],"queueLength":1,"runningWork":[],"workRunningCount":0}
[debug] [2023-01-25T15:14:07.197Z] [work-queue] {"queuedWork":[],"queueLength":0,"runningWork":["/chatroom-69853/us-central1/app/-2023-01-25T15:14:07.197Z"],"workRunningCount":1}
[debug] [2023-01-25T15:14:07.197Z] [work-queue] {"queuedWork":[],"queueLength":0,"runningWork":[],"workRunningCount":0}
[debug] [2023-01-25T15:14:07.199Z] [work-queue] {"queuedWork":["/chatroom-69853/us-central1/app/-2023-01-25T15:14:07.199Z"],"queueLength":1,"runningWork":[],"workRunningCount":0}
[debug] [2023-01-25T15:14:07.199Z] [work-queue] {"queuedWork":[],"queueLength":0,"runningWork":["/chatroom-69853/us-central1/app/-2023-01-25T15:14:07.199Z"],"workRunningCount":1}
[debug] [2023-01-25T15:14:07.199Z] [work-queue] {"queuedWork":[],"queueLength":0,"runningWork":[],"workRunningCount":0}
[debug] [2023-01-25T15:15:34.300Z] [work-queue] {"queuedWork":["/chatroom-69853/us-central1/app/-2023-01-25T15:15:34.300Z"],"queueLength":1,"runningWork":[],"workRunningCount":0}
[debug] [2023-01-25T15:15:34.301Z] [work-queue] {"queuedWork":[],"queueLength":0,"runningWork":["/chatroom-69853/us-central1/app/-2023-01-25T15:15:34.300Z"],"workRunningCount":1}
[debug] [2023-01-25T15:15:34.301Z] [work-queue] {"queuedWork":[],"queueLength":0,"runningWork":[],"workRunningCount":0}
[debug] [2023-01-25T15:15:34.302Z] [work-queue] {"queuedWork":["/chatroom-69853/us-central1/app/-2023-01-25T15:15:34.302Z"],"queueLength":1,"runningWork":[],"workRunningCount":0}
[debug] [2023-01-25T15:15:34.302Z] [work-queue] {"queuedWork":[],"queueLength":0,"runningWork":["/chatroom-69853/us-central1/app/-2023-01-25T15:15:34.302Z"],"workRunningCount":1}
[debug] [2023-01-25T15:15:34.302Z] [work-queue] {"queuedWork":[],"queueLength":0,"runningWork":[],"workRunningCount":0}
[debug] [2023-01-25T15:15:37.256Z] [work-queue] {"queuedWork":["/chatroom-69853/us-central1/app/-2023-01-25T15:15:37.256Z"],"queueLength":1,"runningWork":[],"workRunningCount":0}
[debug] [2023-01-25T15:15:37.256Z] [work-queue] {"queuedWork":[],"queueLength":0,"runningWork":["/chatroom-69853/us-central1/app/-2023-01-25T15:15:37.256Z"],"workRunningCount":1}
[debug] [2023-01-25T15:15:37.256Z] [work-queue] {"queuedWork":[],"queueLength":0,"runningWork":[],"workRunningCount":0}
[debug] [2023-01-25T15:15:37.257Z] [work-queue] {"queuedWork":["/chatroom-69853/us-central1/app/-2023-01-25T15:15:37.257Z"],"queueLength":1,"runningWork":[],"workRunningCount":0}
[debug] [2023-01-25T15:15:37.257Z] [work-queue] {"queuedWork":[],"queueLength":0,"runningWork":["/chatroom-69853/us-central1/app/-2023-01-25T15:15:37.257Z"],"workRunningCount":1}
[debug] [2023-01-25T15:15:37.257Z] [work-queue] {"queuedWork":[],"queueLength":0,"runningWork":[],"workRunningCount":0}
[debug] [2023-01-25T15:15:42.354Z] [work-queue] {"queuedWork":["/chatroom-69853/us-central1/app/-2023-01-25T15:15:42.354Z"],"queueLength":1,"runningWork":[],"workRunningCount":0}
[debug] [2023-01-25T15:15:42.355Z] [work-queue] {"queuedWork":[],"queueLength":0,"runningWork":["/chatroom-69853/us-central1/app/-2023-01-25T15:15:42.354Z"],"workRunningCount":1}
[debug] [2023-01-25T15:15:42.356Z] [work-queue] {"queuedWork":[],"queueLength":0,"runningWork":[],"workRunningCount":0}
[debug] [2023-01-25T15:15:42.357Z] [work-queue] {"queuedWork":["/chatroom-69853/us-central1/app/-2023-01-25T15:15:42.357Z"],"queueLength":1,"runningWork":[],"workRunningCount":0}
[debug] [2023-01-25T15:15:42.357Z] [work-queue] {"queuedWork":[],"queueLength":0,"runningWork":["/chatroom-69853/us-central1/app/-2023-01-25T15:15:42.357Z"],"workRunningCount":1}
[debug] [2023-01-25T15:15:42.359Z] [work-queue] {"queuedWork":[],"queueLength":0,"runningWork":[],"workRunningCount":0}
[debug] [2023-01-25T15:15:44.113Z] [work-queue] {"queuedWork":["/chatroom-69853/us-central1/app/-2023-01-25T15:15:44.113Z"],"queueLength":1,"runningWork":[],"workRunningCount":0}
[debug] [2023-01-25T15:15:44.113Z] [work-queue] {"queuedWork":[],"queueLength":0,"runningWork":["/chatroom-69853/us-central1/app/-2023-01-25T15:15:44.113Z"],"workRunningCount":1}
[debug] [2023-01-25T15:15:44.113Z] [work-queue] {"queuedWork":[],"queueLength":0,"runningWork":[],"workRunningCount":0}
[debug] [2023-01-25T15:15:44.115Z] [work-queue] {"queuedWork":["/chatroom-69853/us-central1/app/-2023-01-25T15:15:44.115Z"],"queueLength":1,"runningWork":[],"workRunningCount":0}
[debug] [2023-01-25T15:15:44.115Z] [work-queue] {"queuedWork":[],"queueLength":0,"runningWork":["/chatroom-69853/us-central1/app/-2023-01-25T15:15:44.115Z"],"workRunningCount":1}
[debug] [2023-01-25T15:15:44.115Z] [work-queue] {"queuedWork":[],"queueLength":0,"runningWork":[],"workRunningCount":0}
[debug] [2023-01-25T15:16:04.524Z] [work-queue] {"queuedWork":["/chatroom-69853/us-central1/app/-2023-01-25T15:16:04.524Z"],"queueLength":1,"runningWork":[],"workRunningCount":0}
[debug] [2023-01-25T15:16:04.525Z] [work-queue] {"queuedWork":[],"queueLength":0,"runningWork":["/chatroom-69853/us-central1/app/-2023-01-25T15:16:04.524Z"],"workRunningCount":1}
[debug] [2023-01-25T15:16:04.525Z] [work-queue] {"queuedWork":[],"queueLength":0,"runningWork":[],"workRunningCount":0}
[debug] [2023-01-25T15:16:04.526Z] [work-queue] {"queuedWork":["/chatroom-69853/us-central1/app/-2023-01-25T15:16:04.526Z"],"queueLength":1,"runningWork":[],"workRunningCount":0}
[debug] [2023-01-25T15:16:04.527Z] [work-queue] {"queuedWork":[],"queueLength":0,"runningWork":["/chatroom-69853/us-central1/app/-2023-01-25T15:16:04.526Z"],"workRunningCount":1}
[debug] [2023-01-25T15:16:04.527Z] [work-queue] {"queuedWork":[],"queueLength":0,"runningWork":[],"workRunningCount":0}
[debug] [2023-01-25T15:16:06.042Z] [work-queue] {"queuedWork":["/chatroom-69853/us-central1/app/-2023-01-25T15:16:06.042Z"],"queueLength":1,"runningWork":[],"workRunningCount":0}
[debug] [2023-01-25T15:16:06.042Z] [work-queue] {"queuedWork":[],"queueLength":0,"runningWork":["/chatroom-69853/us-central1/app/-2023-01-25T15:16:06.042Z"],"workRunningCount":1}
[debug] [2023-01-25T15:16:06.042Z] [work-queue] {"queuedWork":[],"queueLength":0,"runningWork":[],"workRunningCount":0}
[debug] [2023-01-25T15:16:06.043Z] [work-queue] {"queuedWork":["/chatroom-69853/us-central1/app/-2023-01-25T15:16:06.043Z"],"queueLength":1,"runningWork":[],"workRunningCount":0}
[debug] [2023-01-25T15:16:06.044Z] [work-queue] {"queuedWork":[],"queueLength":0,"runningWork":["/chatroom-69853/us-central1/app/-2023-01-25T15:16:06.043Z"],"workRunningCount":1}
[debug] [2023-01-25T15:16:06.044Z] [work-queue] {"queuedWork":[],"queueLength":0,"runningWork":[],"workRunningCount":0}
[debug] [2023-01-25T15:16:45.392Z] [work-queue] {"queuedWork":["/chatroom-69853/us-central1/app/-2023-01-25T15:16:45.392Z"],"queueLength":1,"runningWork":[],"workRunningCount":0}
[debug] [2023-01-25T15:16:45.392Z] [work-queue] {"queuedWork":[],"queueLength":0,"runningWork":["/chatroom-69853/us-central1/app/-2023-01-25T15:16:45.392Z"],"workRunningCount":1}
[debug] [2023-01-25T15:16:45.393Z] [work-queue] {"queuedWork":[],"queueLength":0,"runningWork":[],"workRunningCount":0}
[debug] [2023-01-25T15:16:45.395Z] [work-queue] {"queuedWork":["/chatroom-69853/us-central1/app/-2023-01-25T15:16:45.395Z"],"queueLength":1,"runningWork":[],"workRunningCount":0}
[debug] [2023-01-25T15:16:45.395Z] [work-queue] {"queuedWork":[],"queueLength":0,"runningWork":["/chatroom-69853/us-central1/app/-2023-01-25T15:16:45.395Z"],"workRunningCount":1}
[debug] [2023-01-25T15:16:45.395Z] [work-queue] {"queuedWork":[],"queueLength":0,"runningWork":[],"workRunningCount":0}
[debug] [2023-01-25T15:16:47.677Z] [work-queue] {"queuedWork":["/chatroom-69853/us-central1/app/-2023-01-25T15:16:47.677Z"],"queueLength":1,"runningWork":[],"workRunningCount":0}
[debug] [2023-01-25T15:16:47.678Z] [work-queue] {"queuedWork":[],"queueLength":0,"runningWork":["/chatroom-69853/us-central1/app/-2023-01-25T15:16:47.677Z"],"workRunningCount":1}
[debug] [2023-01-25T15:16:47.679Z] [work-queue] {"queuedWork":[],"queueLength":0,"runningWork":[],"workRunningCount":0}
[debug] [2023-01-25T15:16:47.680Z] [work-queue] {"queuedWork":["/chatroom-69853/us-central1/app/-2023-01-25T15:16:47.680Z"],"queueLength":1,"runningWork":[],"workRunningCount":0}
[debug] [2023-01-25T15:16:47.680Z] [work-queue] {"queuedWork":[],"queueLength":0,"runningWork":["/chatroom-69853/us-central1/app/-2023-01-25T15:16:47.680Z"],"workRunningCount":1}
[debug] [2023-01-25T15:16:47.680Z] [work-queue] {"queuedWork":[],"queueLength":0,"runningWork":[],"workRunningCount":0}
[debug] [2023-01-25T15:17:21.257Z] [work-queue] {"queuedWork":["/chatroom-69853/us-central1/app/-2023-01-25T15:17:21.257Z"],"queueLength":1,"runningWork":[],"workRunningCount":0}
[debug] [2023-01-25T15:17:21.257Z] [work-queue] {"queuedWork":[],"queueLength":0,"runningWork":["/chatroom-69853/us-central1/app/-2023-01-25T15:17:21.257Z"],"workRunningCount":1}
[debug] [2023-01-25T15:17:21.257Z] [work-queue] {"queuedWork":[],"queueLength":0,"runningWork":[],"workRunningCount":0}
[debug] [2023-01-25T15:17:21.258Z] [work-queue] {"queuedWork":["/chatroom-69853/us-central1/app/-2023-01-25T15:17:21.258Z"],"queueLength":1,"runningWork":[],"workRunningCount":0}
[debug] [2023-01-25T15:17:21.258Z] [work-queue] {"queuedWork":[],"queueLength":0,"runningWork":["/chatroom-69853/us-central1/app/-2023-01-25T15:17:21.258Z"],"workRunningCount":1}
[debug] [2023-01-25T15:17:21.259Z] [work-queue] {"queuedWork":[],"queueLength":0,"runningWork":[],"workRunningCount":0}
[debug] [2023-01-25T15:17:22.584Z] [work-queue] {"queuedWork":["/chatroom-69853/us-central1/app/-2023-01-25T15:17:22.584Z"],"queueLength":1,"runningWork":[],"workRunningCount":0}
[debug] [2023-01-25T15:17:22.584Z] [work-queue] {"queuedWork":[],"queueLength":0,"runningWork":["/chatroom-69853/us-central1/app/-2023-01-25T15:17:22.584Z"],"workRunningCount":1}
[debug] [2023-01-25T15:17:22.585Z] [work-queue] {"queuedWork":[],"queueLength":0,"runningWork":[],"workRunningCount":0}
[debug] [2023-01-25T15:17:22.586Z] [work-queue] {"queuedWork":["/chatroom-69853/us-central1/app/-2023-01-25T15:17:22.586Z"],"queueLength":1,"runningWork":[],"workRunningCount":0}
[debug] [2023-01-25T15:17:22.586Z] [work-queue] {"queuedWork":[],"queueLength":0,"runningWork":["/chatroom-69853/us-central1/app/-2023-01-25T15:17:22.586Z"],"workRunningCount":1}
[debug] [2023-01-25T15:17:22.586Z] [work-queue] {"queuedWork":[],"queueLength":0,"runningWork":[],"workRunningCount":0}
[debug] [2023-01-25T15:17:29.911Z] [work-queue] {"queuedWork":["/chatroom-69853/us-central1/app/-2023-01-25T15:17:29.911Z"],"queueLength":1,"runningWork":[],"workRunningCount":0}
[debug] [2023-01-25T15:17:29.911Z] [work-queue] {"queuedWork":[],"queueLength":0,"runningWork":["/chatroom-69853/us-central1/app/-2023-01-25T15:17:29.911Z"],"workRunningCount":1}
[debug] [2023-01-25T15:17:29.911Z] [work-queue] {"queuedWork":[],"queueLength":0,"runningWork":[],"workRunningCount":0}
[debug] [2023-01-25T15:17:29.912Z] [work-queue] {"queuedWork":["/chatroom-69853/us-central1/app/-2023-01-25T15:17:29.912Z"],"queueLength":1,"runningWork":[],"workRunningCount":0}
[debug] [2023-01-25T15:17:29.912Z] [work-queue] {"queuedWork":[],"queueLength":0,"runningWork":["/chatroom-69853/us-central1/app/-2023-01-25T15:17:29.912Z"],"workRunningCount":1}
[debug] [2023-01-25T15:17:29.912Z] [work-queue] {"queuedWork":[],"queueLength":0,"runningWork":[],"workRunningCount":0}
[debug] [2023-01-25T15:17:37.192Z] [work-queue] {"queuedWork":["/chatroom-69853/us-central1/app/-2023-01-25T15:17:37.192Z"],"queueLength":1,"runningWork":[],"workRunningCount":0}
[debug] [2023-01-25T15:17:37.192Z] [work-queue] {"queuedWork":[],"queueLength":0,"runningWork":["/chatroom-69853/us-central1/app/-2023-01-25T15:17:37.192Z"],"workRunningCount":1}
[debug] [2023-01-25T15:17:37.192Z] [work-queue] {"queuedWork":[],"queueLength":0,"runningWork":[],"workRunningCount":0}
[debug] [2023-01-25T15:17:37.193Z] [work-queue] {"queuedWork":["/chatroom-69853/us-central1/app/-2023-01-25T15:17:37.193Z"],"queueLength":1,"runningWork":[],"workRunningCount":0}
[debug] [2023-01-25T15:17:37.193Z] [work-queue] {"queuedWork":[],"queueLength":0,"runningWork":["/chatroom-69853/us-central1/app/-2023-01-25T15:17:37.193Z"],"workRunningCount":1}
[debug] [2023-01-25T15:17:37.195Z] [work-queue] {"queuedWork":[],"queueLength":0,"runningWork":[],"workRunningCount":0}
[debug] [2023-01-25T15:24:04.014Z] [work-queue] {"queuedWork":["/chatroom-69853/us-central1/app/-2023-01-25T15:24:04.014Z"],"queueLength":1,"runningWork":[],"workRunningCount":0}
[debug] [2023-01-25T15:24:04.015Z] [work-queue] {"queuedWork":[],"queueLength":0,"runningWork":["/chatroom-69853/us-central1/app/-2023-01-25T15:24:04.014Z"],"workRunningCount":1}
[debug] [2023-01-25T15:24:04.015Z] [work-queue] {"queuedWork":[],"queueLength":0,"runningWork":[],"workRunningCount":0}
[debug] [2023-01-25T15:24:04.016Z] [work-queue] {"queuedWork":["/chatroom-69853/us-central1/app/-2023-01-25T15:24:04.016Z"],"queueLength":1,"runningWork":[],"workRunningCount":0}
[debug] [2023-01-25T15:24:04.016Z] [work-queue] {"queuedWork":[],"queueLength":0,"runningWork":["/chatroom-69853/us-central1/app/-2023-01-25T15:24:04.016Z"],"workRunningCount":1}
[debug] [2023-01-25T15:24:04.017Z] [work-queue] {"queuedWork":[],"queueLength":0,"runningWork":[],"workRunningCount":0}
[debug] [2023-01-25T15:24:09.233Z] [work-queue] {"queuedWork":["/chatroom-69853/us-central1/app/-2023-01-25T15:24:09.233Z"],"queueLength":1,"runningWork":[],"workRunningCount":0}
[debug] [2023-01-25T15:24:09.233Z] [work-queue] {"queuedWork":[],"queueLength":0,"runningWork":["/chatroom-69853/us-central1/app/-2023-01-25T15:24:09.233Z"],"workRunningCount":1}
[debug] [2023-01-25T15:24:09.234Z] [work-queue] {"queuedWork":[],"queueLength":0,"runningWork":[],"workRunningCount":0}
[debug] [2023-01-25T15:24:09.234Z] [work-queue] {"queuedWork":["/chatroom-69853/us-central1/app/-2023-01-25T15:24:09.234Z"],"queueLength":1,"runningWork":[],"workRunningCount":0}
[debug] [2023-01-25T15:24:09.234Z] [work-queue] {"queuedWork":[],"queueLength":0,"runningWork":["/chatroom-69853/us-central1/app/-2023-01-25T15:24:09.234Z"],"workRunningCount":1}
[debug] [2023-01-25T15:24:09.235Z] [work-queue] {"queuedWork":[],"queueLength":0,"runningWork":[],"workRunningCount":0}
[debug] [2023-01-25T15:26:00.209Z] [work-queue] {"queuedWork":["/chatroom-69853/us-central1/app/-2023-01-25T15:26:00.209Z"],"queueLength":1,"runningWork":[],"workRunningCount":0}
[debug] [2023-01-25T15:26:00.209Z] [work-queue] {"queuedWork":[],"queueLength":0,"runningWork":["/chatroom-69853/us-central1/app/-2023-01-25T15:26:00.209Z"],"workRunningCount":1}
[debug] [2023-01-25T15:26:00.210Z] [work-queue] {"queuedWork":[],"queueLength":0,"runningWork":[],"workRunningCount":0}
[debug] [2023-01-25T15:26:00.211Z] [work-queue] {"queuedWork":["/chatroom-69853/us-central1/app/-2023-01-25T15:26:00.211Z"],"queueLength":1,"runningWork":[],"workRunningCount":0}
[debug] [2023-01-25T15:26:00.211Z] [work-queue] {"queuedWork":[],"queueLength":0,"runningWork":["/chatroom-69853/us-central1/app/-2023-01-25T15:26:00.211Z"],"workRunningCount":1}
[debug] [2023-01-25T15:26:00.211Z] [work-queue] {"queuedWork":[],"queueLength":0,"runningWork":[],"workRunningCount":0}
[debug] [2023-01-25T15:26:00.608Z] [work-queue] {"queuedWork":["/chatroom-69853/us-central1/app/-2023-01-25T15:26:00.608Z"],"queueLength":1,"runningWork":[],"workRunningCount":0}
[debug] [2023-01-25T15:26:00.609Z] [work-queue] {"queuedWork":[],"queueLength":0,"runningWork":["/chatroom-69853/us-central1/app/-2023-01-25T15:26:00.608Z"],"workRunningCount":1}
[debug] [2023-01-25T15:26:00.609Z] [work-queue] {"queuedWork":[],"queueLength":0,"runningWork":[],"workRunningCount":0}
[debug] [2023-01-25T15:26:00.610Z] [work-queue] {"queuedWork":["/chatroom-69853/us-central1/app/-2023-01-25T15:26:00.610Z"],"queueLength":1,"runningWork":[],"workRunningCount":0}
[debug] [2023-01-25T15:26:00.610Z] [work-queue] {"queuedWork":[],"queueLength":0,"runningWork":["/chatroom-69853/us-central1/app/-2023-01-25T15:26:00.610Z"],"workRunningCount":1}
[debug] [2023-01-25T15:26:00.611Z] [work-queue] {"queuedWork":[],"queueLength":0,"runningWork":[],"workRunningCount":0}
[debug] [2023-01-25T15:26:02.256Z] [work-queue] {"queuedWork":["/chatroom-69853/us-central1/app/-2023-01-25T15:26:02.256Z"],"queueLength":1,"runningWork":[],"workRunningCount":0}
[debug] [2023-01-25T15:26:02.256Z] [work-queue] {"queuedWork":[],"queueLength":0,"runningWork":["/chatroom-69853/us-central1/app/-2023-01-25T15:26:02.256Z"],"workRunningCount":1}
[debug] [2023-01-25T15:26:02.256Z] [work-queue] {"queuedWork":[],"queueLength":0,"runningWork":[],"workRunningCount":0}
[debug] [2023-01-25T15:26:02.257Z] [work-queue] {"queuedWork":["/chatroom-69853/us-central1/app/-2023-01-25T15:26:02.257Z"],"queueLength":1,"runningWork":[],"workRunningCount":0}
[debug] [2023-01-25T15:26:02.257Z] [work-queue] {"queuedWork":[],"queueLength":0,"runningWork":["/chatroom-69853/us-central1/app/-2023-01-25T15:26:02.257Z"],"workRunningCount":1}
[debug] [2023-01-25T15:26:02.257Z] [work-queue] {"queuedWork":[],"queueLength":0,"runningWork":[],"workRunningCount":0}
[debug] [2023-01-25T15:28:48.399Z] [work-queue] {"queuedWork":["/chatroom-69853/us-central1/app/-2023-01-25T15:28:48.399Z"],"queueLength":1,"runningWork":[],"workRunningCount":0}
[debug] [2023-01-25T15:28:48.399Z] [work-queue] {"queuedWork":[],"queueLength":0,"runningWork":["/chatroom-69853/us-central1/app/-2023-01-25T15:28:48.399Z"],"workRunningCount":1}
[debug] [2023-01-25T15:28:48.400Z] [work-queue] {"queuedWork":[],"queueLength":0,"runningWork":[],"workRunningCount":0}
[debug] [2023-01-25T15:28:48.401Z] [work-queue] {"queuedWork":["/chatroom-69853/us-central1/app/-2023-01-25T15:28:48.401Z"],"queueLength":1,"runningWork":[],"workRunningCount":0}
[debug] [2023-01-25T15:28:48.401Z] [work-queue] {"queuedWork":[],"queueLength":0,"runningWork":["/chatroom-69853/us-central1/app/-2023-01-25T15:28:48.401Z"],"workRunningCount":1}
[debug] [2023-01-25T15:28:48.401Z] [work-queue] {"queuedWork":[],"queueLength":0,"runningWork":[],"workRunningCount":0}
[debug] [2023-01-25T15:28:49.374Z] [work-queue] {"queuedWork":["/chatroom-69853/us-central1/app/-2023-01-25T15:28:49.374Z"],"queueLength":1,"runningWork":[],"workRunningCount":0}
[debug] [2023-01-25T15:28:49.374Z] [work-queue] {"queuedWork":[],"queueLength":0,"runningWork":["/chatroom-69853/us-central1/app/-2023-01-25T15:28:49.374Z"],"workRunningCount":1}
[debug] [2023-01-25T15:28:49.374Z] [work-queue] {"queuedWork":[],"queueLength":0,"runningWork":[],"workRunningCount":0}
[debug] [2023-01-25T15:28:49.376Z] [work-queue] {"queuedWork":["/chatroom-69853/us-central1/app/-2023-01-25T15:28:49.376Z"],"queueLength":1,"runningWork":[],"workRunningCount":0}
[debug] [2023-01-25T15:28:49.377Z] [work-queue] {"queuedWork":[],"queueLength":0,"runningWork":["/chatroom-69853/us-central1/app/-2023-01-25T15:28:49.376Z"],"workRunningCount":1}
[debug] [2023-01-25T15:28:49.377Z] [work-queue] {"queuedWork":[],"queueLength":0,"runningWork":[],"workRunningCount":0}
[debug] [2023-01-25T15:28:49.728Z] [work-queue] {"queuedWork":["/chatroom-69853/us-central1/app/-2023-01-25T15:28:49.728Z"],"queueLength":1,"runningWork":[],"workRunningCount":0}
[debug] [2023-01-25T15:28:49.728Z] [work-queue] {"queuedWork":[],"queueLength":0,"runningWork":["/chatroom-69853/us-central1/app/-2023-01-25T15:28:49.728Z"],"workRunningCount":1}
[debug] [2023-01-25T15:28:49.728Z] [work-queue] {"queuedWork":[],"queueLength":0,"runningWork":[],"workRunningCount":0}
[debug] [2023-01-25T15:28:49.729Z] [work-queue] {"queuedWork":["/chatroom-69853/us-central1/app/-2023-01-25T15:28:49.729Z"],"queueLength":1,"runningWork":[],"workRunningCount":0}
[debug] [2023-01-25T15:28:49.730Z] [work-queue] {"queuedWork":[],"queueLength":0,"runningWork":["/chatroom-69853/us-central1/app/-2023-01-25T15:28:49.729Z"],"workRunningCount":1}
[debug] [2023-01-25T15:28:49.730Z] [work-queue] {"queuedWork":[],"queueLength":0,"runningWork":[],"workRunningCount":0}
[debug] [2023-01-25T15:28:50.108Z] [work-queue] {"queuedWork":["/chatroom-69853/us-central1/app/-2023-01-25T15:28:50.108Z"],"queueLength":1,"runningWork":[],"workRunningCount":0}
[debug] [2023-01-25T15:28:50.109Z] [work-queue] {"queuedWork":[],"queueLength":0,"runningWork":["/chatroom-69853/us-central1/app/-2023-01-25T15:28:50.108Z"],"workRunningCount":1}
[debug] [2023-01-25T15:28:50.109Z] [work-queue] {"queuedWork":[],"queueLength":0,"runningWork":[],"workRunningCount":0}
[debug] [2023-01-25T15:28:50.111Z] [work-queue] {"queuedWork":["/chatroom-69853/us-central1/app/-2023-01-25T15:28:50.111Z"],"queueLength":1,"runningWork":[],"workRunningCount":0}
[debug] [2023-01-25T15:28:50.111Z] [work-queue] {"queuedWork":[],"queueLength":0,"runningWork":["/chatroom-69853/us-central1/app/-2023-01-25T15:28:50.111Z"],"workRunningCount":1}
[debug] [2023-01-25T15:28:50.113Z] [work-queue] {"queuedWork":[],"queueLength":0,"runningWork":[],"workRunningCount":0}
[debug] [2023-01-25T15:28:54.355Z] [work-queue] {"queuedWork":["/chatroom-69853/us-central1/app/-2023-01-25T15:28:54.355Z"],"queueLength":1,"runningWork":[],"workRunningCount":0}
[debug] [2023-01-25T15:28:54.355Z] [work-queue] {"queuedWork":[],"queueLength":0,"runningWork":["/chatroom-69853/us-central1/app/-2023-01-25T15:28:54.355Z"],"workRunningCount":1}
[debug] [2023-01-25T15:28:54.355Z] [work-queue] {"queuedWork":[],"queueLength":0,"runningWork":[],"workRunningCount":0}
[debug] [2023-01-25T15:28:54.357Z] [work-queue] {"queuedWork":["/chatroom-69853/us-central1/app/-2023-01-25T15:28:54.357Z"],"queueLength":1,"runningWork":[],"workRunningCount":0}
[debug] [2023-01-25T15:28:54.357Z] [work-queue] {"queuedWork":[],"queueLength":0,"runningWork":["/chatroom-69853/us-central1/app/-2023-01-25T15:28:54.357Z"],"workRunningCount":1}
[debug] [2023-01-25T15:28:54.357Z] [work-queue] {"queuedWork":[],"queueLength":0,"runningWork":[],"workRunningCount":0}
[debug] [2023-01-25T15:30:31.930Z] [work-queue] {"queuedWork":["/chatroom-69853/us-central1/app/-2023-01-25T15:30:31.930Z"],"queueLength":1,"runningWork":[],"workRunningCount":0}
[debug] [2023-01-25T15:30:31.930Z] [work-queue] {"queuedWork":[],"queueLength":0,"runningWork":["/chatroom-69853/us-central1/app/-2023-01-25T15:30:31.930Z"],"workRunningCount":1}
[debug] [2023-01-25T15:30:31.931Z] [work-queue] {"queuedWork":[],"queueLength":0,"runningWork":[],"workRunningCount":0}
[debug] [2023-01-25T15:30:31.931Z] [work-queue] {"queuedWork":["/chatroom-69853/us-central1/app/-2023-01-25T15:30:31.931Z"],"queueLength":1,"runningWork":[],"workRunningCount":0}
[debug] [2023-01-25T15:30:31.931Z] [work-queue] {"queuedWork":[],"queueLength":0,"runningWork":["/chatroom-69853/us-central1/app/-2023-01-25T15:30:31.931Z"],"workRunningCount":1}
[debug] [2023-01-25T15:30:31.932Z] [work-queue] {"queuedWork":[],"queueLength":0,"runningWork":[],"workRunningCount":0}
[debug] [2023-01-25T15:30:32.127Z] [work-queue] {"queuedWork":["/chatroom-69853/us-central1/app/-2023-01-25T15:30:32.127Z"],"queueLength":1,"runningWork":[],"workRunningCount":0}
[debug] [2023-01-25T15:30:32.127Z] [work-queue] {"queuedWork":[],"queueLength":0,"runningWork":["/chatroom-69853/us-central1/app/-2023-01-25T15:30:32.127Z"],"workRunningCount":1}
[debug] [2023-01-25T15:30:32.127Z] [work-queue] {"queuedWork":[],"queueLength":0,"runningWork":[],"workRunningCount":0}
[debug] [2023-01-25T15:30:32.128Z] [work-queue] {"queuedWork":["/chatroom-69853/us-central1/app/-2023-01-25T15:30:32.128Z"],"queueLength":1,"runningWork":[],"workRunningCount":0}
[debug] [2023-01-25T15:30:32.128Z] [work-queue] {"queuedWork":[],"queueLength":0,"runningWork":["/chatroom-69853/us-central1/app/-2023-01-25T15:30:32.128Z"],"workRunningCount":1}
[debug] [2023-01-25T15:30:32.129Z] [work-queue] {"queuedWork":[],"queueLength":0,"runningWork":[],"workRunningCount":0}
[debug] [2023-01-25T15:41:50.342Z] [work-queue] {"queuedWork":["/chatroom-69853/us-central1/app/-2023-01-25T15:41:50.342Z"],"queueLength":1,"runningWork":[],"workRunningCount":0}
[debug] [2023-01-25T15:41:50.343Z] [work-queue] {"queuedWork":[],"queueLength":0,"runningWork":["/chatroom-69853/us-central1/app/-2023-01-25T15:41:50.342Z"],"workRunningCount":1}
[debug] [2023-01-25T15:41:50.343Z] [work-queue] {"queuedWork":[],"queueLength":0,"runningWork":[],"workRunningCount":0}
[debug] [2023-01-25T15:41:50.351Z] [work-queue] {"queuedWork":["/chatroom-69853/us-central1/app/-2023-01-25T15:41:50.351Z"],"queueLength":1,"runningWork":[],"workRunningCount":0}
[debug] [2023-01-25T15:41:50.351Z] [work-queue] {"queuedWork":[],"queueLength":0,"runningWork":["/chatroom-69853/us-central1/app/-2023-01-25T15:41:50.351Z"],"workRunningCount":1}
[debug] [2023-01-25T15:41:50.352Z] [work-queue] {"queuedWork":[],"queueLength":0,"runningWork":[],"workRunningCount":0}
[debug] [2023-01-25T15:41:50.356Z] [work-queue] {"queuedWork":["/chatroom-69853/us-central1/app/-2023-01-25T15:41:50.356Z"],"queueLength":1,"runningWork":[],"workRunningCount":0}
[debug] [2023-01-25T15:41:50.357Z] [work-queue] {"queuedWork":[],"queueLength":0,"runningWork":["/chatroom-69853/us-central1/app/-2023-01-25T15:41:50.356Z"],"workRunningCount":1}
[debug] [2023-01-25T15:41:50.357Z] [work-queue] {"queuedWork":[],"queueLength":0,"runningWork":[],"workRunningCount":0}
[debug] [2023-01-25T15:41:50.362Z] [work-queue] {"queuedWork":["/chatroom-69853/us-central1/app/-2023-01-25T15:41:50.362Z"],"queueLength":1,"runningWork":[],"workRunningCount":0}
[debug] [2023-01-25T15:41:50.362Z] [work-queue] {"queuedWork":[],"queueLength":0,"runningWork":["/chatroom-69853/us-central1/app/-2023-01-25T15:41:50.362Z"],"workRunningCount":1}
[debug] [2023-01-25T15:41:50.362Z] [work-queue] {"queuedWork":[],"queueLength":0,"runningWork":[],"workRunningCount":0}
[debug] [2023-01-25T15:41:58.840Z] [work-queue] {"queuedWork":["/chatroom-69853/us-central1/app/-2023-01-25T15:41:58.840Z"],"queueLength":1,"runningWork":[],"workRunningCount":0}
[debug] [2023-01-25T15:41:58.840Z] [work-queue] {"queuedWork":[],"queueLength":0,"runningWork":["/chatroom-69853/us-central1/app/-2023-01-25T15:41:58.840Z"],"workRunningCount":1}
[debug] [2023-01-25T15:41:58.840Z] [work-queue] {"queuedWork":[],"queueLength":0,"runningWork":[],"workRunningCount":0}
[debug] [2023-01-25T15:41:58.845Z] [work-queue] {"queuedWork":["/chatroom-69853/us-central1/app/-2023-01-25T15:41:58.845Z"],"queueLength":1,"runningWork":[],"workRunningCount":0}
[debug] [2023-01-25T15:41:58.845Z] [work-queue] {"queuedWork":[],"queueLength":0,"runningWork":["/chatroom-69853/us-central1/app/-2023-01-25T15:41:58.845Z"],"workRunningCount":1}
[debug] [2023-01-25T15:41:58.845Z] [work-queue] {"queuedWork":[],"queueLength":0,"runningWork":[],"workRunningCount":0}
[debug] [2023-01-25T15:44:03.198Z] [work-queue] {"queuedWork":["/chatroom-69853/us-central1/app/-2023-01-25T15:44:03.198Z"],"queueLength":1,"runningWork":[],"workRunningCount":0}
[debug] [2023-01-25T15:44:03.199Z] [work-queue] {"queuedWork":[],"queueLength":0,"runningWork":["/chatroom-69853/us-central1/app/-2023-01-25T15:44:03.198Z"],"workRunningCount":1}
[debug] [2023-01-25T15:44:03.200Z] [work-queue] {"queuedWork":[],"queueLength":0,"runningWork":[],"workRunningCount":0}
[debug] [2023-01-25T15:44:04.525Z] [work-queue] {"queuedWork":["/chatroom-69853/us-central1/app/-2023-01-25T15:44:04.525Z"],"queueLength":1,"runningWork":[],"workRunningCount":0}
[debug] [2023-01-25T15:44:04.526Z] [work-queue] {"queuedWork":[],"queueLength":0,"runningWork":["/chatroom-69853/us-central1/app/-2023-01-25T15:44:04.525Z"],"workRunningCount":1}
[debug] [2023-01-25T15:44:04.526Z] [work-queue] {"queuedWork":[],"queueLength":0,"runningWork":[],"workRunningCount":0}
